  CharacterObserver.cpp
  AggressorStrategy.cpp
  Character.cpp
  CharacterAttr.cpp
  CharacterBuilder.cpp
  CharacterFileIO.cpp
  CharacterGenerator.cpp
  CharacterStrategy.cpp
  Fighter.cpp
  FriendlyStrategy.cpp
  HumanPlayerStrategy.cpp
  ConsoleActions.cpp
ConsoleActions.cpp(4): warning C4018: '<': signed/unsigned mismatch
ConsoleActions.cpp(55): warning C4018: '>': signed/unsigned mismatch
ConsoleActions.cpp(105): warning C4018: '<': signed/unsigned mismatch
  Dice.cpp
Dice\Dice.cpp(45): warning C4018: '<': signed/unsigned mismatch
  Driver.cpp
  GameData.cpp
  GameLogger.cpp
GameLogger.cpp(119): warning C4996: 'localtime': This function or variable may be unsafe. Consider using localtime_s instead. To disable deprecation, use _CRT_SECURE_NO_WARNINGS. See online help for details.
  C:\Program Files (x86)\Windows Kits\10\Include\10.0.10240.0\ucrt\time.h(505): note: see declaration of 'localtime'
  Events.cpp
GUI\Events.cpp(483): warning C4101: 'e': unreferenced local variable
  Fonts.cpp
  Gui.cpp
  Ui.cpp
GUI\Ui.cpp(83): warning C4244: 'argument': conversion from 'const int' to 'float', possible loss of data
GUI\Ui.cpp(89): warning C4244: 'initializing': conversion from 'int' to 'float', possible loss of data
GUI\Ui.cpp(90): warning C4244: 'initializing': conversion from 'int' to 'float', possible loss of data
GUI\Ui.cpp(310): warning C4244: 'argument': conversion from 'int' to 'float', possible loss of data
GUI\Ui.cpp(311): warning C4244: 'argument': conversion from 'int' to 'float', possible loss of data
GUI\Ui.cpp(312): warning C4244: 'argument': conversion from 'int' to 'float', possible loss of data
GUI\Ui.cpp(313): warning C4244: 'argument': conversion from 'int' to 'float', possible loss of data
GUI\Ui.cpp(314): warning C4244: 'argument': conversion from 'int' to 'float', possible loss of data
GUI\Ui.cpp(315): warning C4244: 'argument': conversion from 'int' to 'float', possible loss of data
GUI\Ui.cpp(316): warning C4244: 'argument': conversion from 'int' to 'float', possible loss of data
GUI\Ui.cpp(323): warning C4244: 'argument': conversion from 'int' to 'float', possible loss of data
GUI\Ui.cpp(326): warning C4244: 'argument': conversion from 'int' to 'float', possible loss of data
GUI\Ui.cpp(329): warning C4244: 'argument': conversion from 'int' to 'float', possible loss of data
GUI\Ui.cpp(332): warning C4244: 'argument': conversion from 'int' to 'float', possible loss of data
GUI\Ui.cpp(335): warning C4244: 'argument': conversion from 'int' to 'float', possible loss of data
GUI\Ui.cpp(338): warning C4244: 'argument': conversion from 'int' to 'float', possible loss of data
GUI\Ui.cpp(341): warning C4244: 'argument': conversion from 'int' to 'float', possible loss of data
  Compiling...
  Utils.cpp
  Enhancement.cpp
  Item.cpp
  ItemContainer.cpp
  ItemFileIO.cpp
  Map.cpp
  MapCampaign.cpp
  MapCampaignFileIO.cpp
  Observer.cpp
  Subject.cpp
  Generating code
c:\users\ben10\desktop\dungeons-and-dragons\dungeon-and-dragons-solution\dungeon-and-dragons\consoleactions.cpp(200): warning C4717: 'ConsoleActions::TogglingLogger': recursive on all control paths, function will cause runtime stack overflow
  All 3234 functions were compiled because no usable IPDB/IOBJ from previous compilation was found.
  Finished generating code
  dungeon-and-dragons.vcxproj -> C:\Users\ben10\Desktop\Dungeons-and-Dragons\dungeon-and-dragons-solution\Release\dungeon-and-dragons.exe
  dungeon-and-dragons.vcxproj -> C:\Users\ben10\Desktop\Dungeons-and-Dragons\dungeon-and-dragons-solution\Release\dungeon-and-dragons.pdb (Full PDB)
