[02-12-2016 07-43-29][FROM: Dice::roll] Dice was rolled with 4d6, results obtained are: [6, 6, 5, 5, 0]
[02-12-2016 07-43-29][FROM: Dice::roll] Dice was rolled with 4d6, results obtained are: [6, 5, 1, 1, 0]
[02-12-2016 07-43-29][FROM: Dice::roll] Dice was rolled with 4d6, results obtained are: [5, 3, 6, 6, 0]
[02-12-2016 07-43-29][FROM: Dice::roll] Dice was rolled with 4d6, results obtained are: [2, 4, 2, 6, 0]
[02-12-2016 07-43-29][FROM: Dice::roll] Dice was rolled with 4d6, results obtained are: [2, 3, 4, 1, 0]
[02-12-2016 07-43-29][FROM: Dice::roll] Dice was rolled with 4d6, results obtained are: [4, 1, 3, 4, 0]
[02-12-2016 07-43-29][FROM: Dice::roll] Dice was rolled with 1d10, results obtained are: [3, 0]
[02-12-2016 07-43-29][FROM: Dice::roll] Dice was rolled with 1d10, results obtained are: [3, 0]
[02-12-2016 07-43-29][FROM: Dice::roll] Dice was rolled with 1d10, results obtained are: [2, 0]
[02-12-2016 07-43-29][FROM: Dice::roll] Dice was rolled with 1d10, results obtained are: [7, 0]
[02-12-2016 07-43-29][FROM: Dice::roll] Dice was rolled with 1d10, results obtained are: [9, 0]
[02-12-2016 07-43-29][FROM: Dice::roll] Dice was rolled with 1d10, results obtained are: [6, 0]
[02-12-2016 07-43-29][FROM: Dice::roll] Dice was rolled with 1d10, results obtained are: [8, 0]
[02-12-2016 07-43-29][FROM: Dice::roll] Dice was rolled with 1d10, results obtained are: [7, 0]
[02-12-2016 07-43-29][FROM: Dice::roll] Dice was rolled with 1d10, results obtained are: [2, 0]
[02-12-2016 07-43-29][FROM: Dice::roll] Dice was rolled with 4d6, results obtained are: [1, 4, 5, 6, 0]
[02-12-2016 07-43-29][FROM: Dice::roll] Dice was rolled with 4d6, results obtained are: [2, 2, 1, 6, 0]
[02-12-2016 07-43-29][FROM: Dice::roll] Dice was rolled with 4d6, results obtained are: [4, 3, 4, 4, 0]
[02-12-2016 07-43-29][FROM: Dice::roll] Dice was rolled with 4d6, results obtained are: [3, 4, 2, 6, 0]
[02-12-2016 07-43-29][FROM: Dice::roll] Dice was rolled with 4d6, results obtained are: [5, 6, 3, 5, 0]
[02-12-2016 07-43-29][FROM: Dice::roll] Dice was rolled with 4d6, results obtained are: [4, 4, 2, 6, 0]
[02-12-2016 07-43-29][FROM: Dice::roll] Dice was rolled with 1d10, results obtained are: [2, 0]
[02-12-2016 07-43-29][FROM: Dice::roll] Dice was rolled with 1d10, results obtained are: [10, 0]
[02-12-2016 07-43-29][FROM: Dice::roll] Dice was rolled with 1d10, results obtained are: [9, 0]
[02-12-2016 07-43-29][FROM: Dice::roll] Dice was rolled with 1d10, results obtained are: [7, 0]
[02-12-2016 07-43-29][FROM: Dice::roll] Dice was rolled with 1d10, results obtained are: [6, 0]
[02-12-2016 07-43-29][FROM: Dice::roll] Dice was rolled with 1d10, results obtained are: [1, 0]
[02-12-2016 07-43-29][FROM: Dice::roll] Dice was rolled with 1d10, results obtained are: [3, 0]
[02-12-2016 07-43-29][FROM: Dice::roll] Dice was rolled with 1d10, results obtained are: [9, 0]
[02-12-2016 07-43-29][FROM: Dice::roll] Dice was rolled with 1d10, results obtained are: [7, 0]
[02-12-2016 07-43-29][FROM: Dice::roll] Dice was rolled with 4d6, results obtained are: [5, 3, 5, 5, 0]
[02-12-2016 07-43-29][FROM: Dice::roll] Dice was rolled with 4d6, results obtained are: [3, 4, 3, 4, 0]
[02-12-2016 07-43-29][FROM: Dice::roll] Dice was rolled with 4d6, results obtained are: [5, 3, 1, 4, 0]
[02-12-2016 07-43-29][FROM: Dice::roll] Dice was rolled with 4d6, results obtained are: [4, 3, 4, 6, 0]
[02-12-2016 07-43-29][FROM: Dice::roll] Dice was rolled with 4d6, results obtained are: [1, 5, 1, 3, 0]
[02-12-2016 07-43-29][FROM: Dice::roll] Dice was rolled with 4d6, results obtained are: [5, 3, 6, 5, 0]
[02-12-2016 07-43-29][FROM: Dice::roll] Dice was rolled with 1d10, results obtained are: [5, 0]
[02-12-2016 07-43-29][FROM: Dice::roll] Dice was rolled with 1d10, results obtained are: [10, 0]
[02-12-2016 07-43-29][FROM: Dice::roll] Dice was rolled with 1d10, results obtained are: [7, 0]
[02-12-2016 07-43-29][FROM: Dice::roll] Dice was rolled with 1d10, results obtained are: [4, 0]
[02-12-2016 07-43-29][FROM: Dice::roll] Dice was rolled with 1d10, results obtained are: [8, 0]
[02-12-2016 07-43-29][FROM: Dice::roll] Dice was rolled with 1d10, results obtained are: [9, 0]
[02-12-2016 07-43-29][FROM: Dice::roll] Dice was rolled with 1d10, results obtained are: [9, 0]
[02-12-2016 07-43-29][FROM: Dice::roll] Dice was rolled with 1d10, results obtained are: [3, 0]
[02-12-2016 07-43-29][FROM: Dice::roll] Dice was rolled with 1d10, results obtained are: [10, 0]
[02-12-2016 07-43-29][FROM: Dice::roll] Dice was rolled with 1d10, results obtained are: [2, 0]
[02-12-2016 07-43-29][FROM: Dice::roll] Dice was rolled with 1d10, results obtained are: [4, 0]
[02-12-2016 07-45-23][FROM: Dice::roll] Dice was rolled with 4d6, results obtained are: [6, 6, 5, 5, 0]
[02-12-2016 07-45-23][FROM: Dice::roll] Dice was rolled with 4d6, results obtained are: [6, 5, 1, 1, 0]
[02-12-2016 07-45-23][FROM: Dice::roll] Dice was rolled with 4d6, results obtained are: [5, 3, 6, 6, 0]
[02-12-2016 07-45-23][FROM: Dice::roll] Dice was rolled with 4d6, results obtained are: [2, 4, 2, 6, 0]
[02-12-2016 07-45-23][FROM: Dice::roll] Dice was rolled with 4d6, results obtained are: [2, 3, 4, 1, 0]
[02-12-2016 07-45-23][FROM: Dice::roll] Dice was rolled with 4d6, results obtained are: [4, 1, 3, 4, 0]
[02-12-2016 07-45-23][FROM: Dice::roll] Dice was rolled with 1d10, results obtained are: [3, 0]
[02-12-2016 07-45-23][FROM: Dice::roll] Dice was rolled with 1d10, results obtained are: [3, 0]
[02-12-2016 07-45-23][FROM: Dice::roll] Dice was rolled with 1d10, results obtained are: [2, 0]
[02-12-2016 07-45-23][FROM: Dice::roll] Dice was rolled with 1d10, results obtained are: [7, 0]
[02-12-2016 07-45-23][FROM: Dice::roll] Dice was rolled with 1d10, results obtained are: [9, 0]
[02-12-2016 07-45-23][FROM: Dice::roll] Dice was rolled with 1d10, results obtained are: [6, 0]
[02-12-2016 07-45-23][FROM: Dice::roll] Dice was rolled with 1d10, results obtained are: [8, 0]
[02-12-2016 07-45-23][FROM: Dice::roll] Dice was rolled with 1d10, results obtained are: [7, 0]
[02-12-2016 07-45-23][FROM: Dice::roll] Dice was rolled with 1d10, results obtained are: [2, 0]
[02-12-2016 07-45-23][FROM: Dice::roll] Dice was rolled with 4d6, results obtained are: [1, 4, 5, 6, 0]
[02-12-2016 07-45-23][FROM: Dice::roll] Dice was rolled with 4d6, results obtained are: [2, 2, 1, 6, 0]
[02-12-2016 07-45-23][FROM: Dice::roll] Dice was rolled with 4d6, results obtained are: [4, 3, 4, 4, 0]
[02-12-2016 07-45-23][FROM: Dice::roll] Dice was rolled with 4d6, results obtained are: [3, 4, 2, 6, 0]
[02-12-2016 07-45-23][FROM: Dice::roll] Dice was rolled with 4d6, results obtained are: [5, 6, 3, 5, 0]
[02-12-2016 07-45-23][FROM: Dice::roll] Dice was rolled with 4d6, results obtained are: [4, 4, 2, 6, 0]
[02-12-2016 07-45-23][FROM: Dice::roll] Dice was rolled with 1d10, results obtained are: [2, 0]
[02-12-2016 07-45-23][FROM: Dice::roll] Dice was rolled with 1d10, results obtained are: [10, 0]
[02-12-2016 07-45-23][FROM: Dice::roll] Dice was rolled with 1d10, results obtained are: [9, 0]
[02-12-2016 07-45-23][FROM: Dice::roll] Dice was rolled with 1d10, results obtained are: [7, 0]
[02-12-2016 07-45-23][FROM: Dice::roll] Dice was rolled with 1d10, results obtained are: [6, 0]
[02-12-2016 07-45-23][FROM: Dice::roll] Dice was rolled with 1d10, results obtained are: [1, 0]
[02-12-2016 07-45-23][FROM: Dice::roll] Dice was rolled with 1d10, results obtained are: [3, 0]
[02-12-2016 07-45-23][FROM: Dice::roll] Dice was rolled with 1d10, results obtained are: [9, 0]
[02-12-2016 07-45-23][FROM: Dice::roll] Dice was rolled with 1d10, results obtained are: [7, 0]
[02-12-2016 07-45-23][FROM: Dice::roll] Dice was rolled with 4d6, results obtained are: [5, 3, 5, 5, 0]
[02-12-2016 07-45-23][FROM: Dice::roll] Dice was rolled with 4d6, results obtained are: [3, 4, 3, 4, 0]
[02-12-2016 07-45-23][FROM: Dice::roll] Dice was rolled with 4d6, results obtained are: [5, 3, 1, 4, 0]
[02-12-2016 07-45-23][FROM: Dice::roll] Dice was rolled with 4d6, results obtained are: [4, 3, 4, 6, 0]
[02-12-2016 07-45-23][FROM: Dice::roll] Dice was rolled with 4d6, results obtained are: [1, 5, 1, 3, 0]
[02-12-2016 07-45-23][FROM: Dice::roll] Dice was rolled with 4d6, results obtained are: [5, 3, 6, 5, 0]
[02-12-2016 07-45-23][FROM: Dice::roll] Dice was rolled with 1d10, results obtained are: [5, 0]
[02-12-2016 07-45-23][FROM: Dice::roll] Dice was rolled with 1d10, results obtained are: [10, 0]
[02-12-2016 07-45-23][FROM: Dice::roll] Dice was rolled with 1d10, results obtained are: [7, 0]
[02-12-2016 07-45-23][FROM: Dice::roll] Dice was rolled with 1d10, results obtained are: [4, 0]
[02-12-2016 07-45-23][FROM: Dice::roll] Dice was rolled with 1d10, results obtained are: [8, 0]
[02-12-2016 07-45-23][FROM: Dice::roll] Dice was rolled with 1d10, results obtained are: [9, 0]
[02-12-2016 07-45-23][FROM: Dice::roll] Dice was rolled with 1d10, results obtained are: [9, 0]
[02-12-2016 07-45-23][FROM: Dice::roll] Dice was rolled with 1d10, results obtained are: [3, 0]
[02-12-2016 07-45-23][FROM: Dice::roll] Dice was rolled with 1d10, results obtained are: [10, 0]
[02-12-2016 07-45-23][FROM: Dice::roll] Dice was rolled with 1d10, results obtained are: [2, 0]
[02-12-2016 07-45-23][FROM: Dice::roll] Dice was rolled with 1d10, results obtained are: [4, 0]
[02-12-2016 07-45-25][FROM: Events::respondToSelectionBoxClick] Play activated Console
[02-12-2016 07-45-29][FROM: Events::respondToSelectionBoxClick] Play activated Console
[02-12-2016 07-45-49][FROM: Events::respondToSelectionBoxClick] Player has selected Item Creation.
[02-12-2016 07-47-22][FROM: Events::respondToSelectionBoxClick] Player has selected Character Creation.
[02-12-2016 07-47-30][FROM: Dice::roll] Dice was rolled with 4d6, results obtained are: [6, 6, 5, 5, 0]
[02-12-2016 07-47-30][FROM: Dice::roll] Dice was rolled with 4d6, results obtained are: [6, 5, 1, 1, 0]
[02-12-2016 07-47-30][FROM: Dice::roll] Dice was rolled with 4d6, results obtained are: [5, 3, 6, 6, 0]
[02-12-2016 07-47-30][FROM: Dice::roll] Dice was rolled with 4d6, results obtained are: [2, 4, 2, 6, 0]
[02-12-2016 07-47-30][FROM: Dice::roll] Dice was rolled with 4d6, results obtained are: [2, 3, 4, 1, 0]
[02-12-2016 07-47-30][FROM: Dice::roll] Dice was rolled with 4d6, results obtained are: [4, 1, 3, 4, 0]
[02-12-2016 07-47-30][FROM: Dice::roll] Dice was rolled with 1d10, results obtained are: [3, 0]
[02-12-2016 07-47-30][FROM: Dice::roll] Dice was rolled with 1d10, results obtained are: [3, 0]
[02-12-2016 07-47-30][FROM: Dice::roll] Dice was rolled with 1d10, results obtained are: [2, 0]
[02-12-2016 07-47-30][FROM: Dice::roll] Dice was rolled with 1d10, results obtained are: [7, 0]
[02-12-2016 07-47-30][FROM: Dice::roll] Dice was rolled with 1d10, results obtained are: [9, 0]
[02-12-2016 07-47-30][FROM: Dice::roll] Dice was rolled with 1d10, results obtained are: [6, 0]
[02-12-2016 07-47-30][FROM: Dice::roll] Dice was rolled with 1d10, results obtained are: [8, 0]
[02-12-2016 07-47-30][FROM: Dice::roll] Dice was rolled with 1d10, results obtained are: [7, 0]
[02-12-2016 07-47-30][FROM: Dice::roll] Dice was rolled with 1d10, results obtained are: [2, 0]
[02-12-2016 07-47-30][FROM: Dice::roll] Dice was rolled with 4d6, results obtained are: [1, 4, 5, 6, 0]
[02-12-2016 07-47-30][FROM: Dice::roll] Dice was rolled with 4d6, results obtained are: [2, 2, 1, 6, 0]
[02-12-2016 07-47-30][FROM: Dice::roll] Dice was rolled with 4d6, results obtained are: [4, 3, 4, 4, 0]
[02-12-2016 07-47-30][FROM: Dice::roll] Dice was rolled with 4d6, results obtained are: [3, 4, 2, 6, 0]
[02-12-2016 07-47-30][FROM: Dice::roll] Dice was rolled with 4d6, results obtained are: [5, 6, 3, 5, 0]
[02-12-2016 07-47-30][FROM: Dice::roll] Dice was rolled with 4d6, results obtained are: [4, 4, 2, 6, 0]
[02-12-2016 07-47-30][FROM: Dice::roll] Dice was rolled with 1d10, results obtained are: [2, 0]
[02-12-2016 07-47-30][FROM: Dice::roll] Dice was rolled with 1d10, results obtained are: [10, 0]
[02-12-2016 07-47-30][FROM: Dice::roll] Dice was rolled with 1d10, results obtained are: [9, 0]
[02-12-2016 07-47-30][FROM: Dice::roll] Dice was rolled with 1d10, results obtained are: [7, 0]
[02-12-2016 07-47-30][FROM: Dice::roll] Dice was rolled with 1d10, results obtained are: [6, 0]
[02-12-2016 07-47-30][FROM: Dice::roll] Dice was rolled with 1d10, results obtained are: [1, 0]
[02-12-2016 07-47-30][FROM: Dice::roll] Dice was rolled with 1d10, results obtained are: [3, 0]
[02-12-2016 07-47-30][FROM: Dice::roll] Dice was rolled with 1d10, results obtained are: [9, 0]
[02-12-2016 07-47-30][FROM: Dice::roll] Dice was rolled with 1d10, results obtained are: [7, 0]
[02-12-2016 07-47-30][FROM: Dice::roll] Dice was rolled with 4d6, results obtained are: [5, 3, 5, 5, 0]
[02-12-2016 07-47-30][FROM: Dice::roll] Dice was rolled with 4d6, results obtained are: [3, 4, 3, 4, 0]
[02-12-2016 07-47-30][FROM: Dice::roll] Dice was rolled with 4d6, results obtained are: [5, 3, 1, 4, 0]
[02-12-2016 07-47-30][FROM: Dice::roll] Dice was rolled with 4d6, results obtained are: [4, 3, 4, 6, 0]
[02-12-2016 07-47-30][FROM: Dice::roll] Dice was rolled with 4d6, results obtained are: [1, 5, 1, 3, 0]
[02-12-2016 07-47-30][FROM: Dice::roll] Dice was rolled with 4d6, results obtained are: [5, 3, 6, 5, 0]
[02-12-2016 07-47-30][FROM: Dice::roll] Dice was rolled with 1d10, results obtained are: [5, 0]
[02-12-2016 07-47-30][FROM: Dice::roll] Dice was rolled with 1d10, results obtained are: [10, 0]
[02-12-2016 07-47-30][FROM: Dice::roll] Dice was rolled with 1d10, results obtained are: [7, 0]
[02-12-2016 07-47-30][FROM: Dice::roll] Dice was rolled with 1d10, results obtained are: [4, 0]
[02-12-2016 07-47-30][FROM: Dice::roll] Dice was rolled with 1d10, results obtained are: [8, 0]
[02-12-2016 07-47-30][FROM: Dice::roll] Dice was rolled with 1d10, results obtained are: [9, 0]
[02-12-2016 07-47-30][FROM: Dice::roll] Dice was rolled with 1d10, results obtained are: [9, 0]
[02-12-2016 07-47-30][FROM: Dice::roll] Dice was rolled with 1d10, results obtained are: [3, 0]
[02-12-2016 07-47-30][FROM: Dice::roll] Dice was rolled with 1d10, results obtained are: [10, 0]
[02-12-2016 07-47-30][FROM: Dice::roll] Dice was rolled with 1d10, results obtained are: [2, 0]
[02-12-2016 07-47-30][FROM: Dice::roll] Dice was rolled with 1d10, results obtained are: [4, 0]
[02-12-2016 07-47-47][FROM: Events::respondToSelectionBoxClick] Player has selected Item Creation.
[02-12-2016 07-49-01][FROM: Dice::roll] Dice was rolled with 4d6, results obtained are: [6, 6, 5, 5, 0]
[02-12-2016 07-49-01][FROM: Dice::roll] Dice was rolled with 4d6, results obtained are: [6, 5, 1, 1, 0]
[02-12-2016 07-49-01][FROM: Dice::roll] Dice was rolled with 4d6, results obtained are: [5, 3, 6, 6, 0]
[02-12-2016 07-49-01][FROM: Dice::roll] Dice was rolled with 4d6, results obtained are: [2, 4, 2, 6, 0]
[02-12-2016 07-49-01][FROM: Dice::roll] Dice was rolled with 4d6, results obtained are: [2, 3, 4, 1, 0]
[02-12-2016 07-49-01][FROM: Dice::roll] Dice was rolled with 4d6, results obtained are: [4, 1, 3, 4, 0]
[02-12-2016 07-49-01][FROM: Dice::roll] Dice was rolled with 1d10, results obtained are: [3, 0]
[02-12-2016 07-49-01][FROM: Dice::roll] Dice was rolled with 1d10, results obtained are: [3, 0]
[02-12-2016 07-49-01][FROM: Dice::roll] Dice was rolled with 1d10, results obtained are: [2, 0]
[02-12-2016 07-49-01][FROM: Dice::roll] Dice was rolled with 1d10, results obtained are: [7, 0]
[02-12-2016 07-49-01][FROM: Dice::roll] Dice was rolled with 1d10, results obtained are: [9, 0]
[02-12-2016 07-49-01][FROM: Dice::roll] Dice was rolled with 1d10, results obtained are: [6, 0]
[02-12-2016 07-49-01][FROM: Dice::roll] Dice was rolled with 1d10, results obtained are: [8, 0]
[02-12-2016 07-49-01][FROM: Dice::roll] Dice was rolled with 1d10, results obtained are: [7, 0]
[02-12-2016 07-49-01][FROM: Dice::roll] Dice was rolled with 1d10, results obtained are: [2, 0]
[02-12-2016 07-49-01][FROM: Dice::roll] Dice was rolled with 4d6, results obtained are: [1, 4, 5, 6, 0]
[02-12-2016 07-49-01][FROM: Dice::roll] Dice was rolled with 4d6, results obtained are: [2, 2, 1, 6, 0]
[02-12-2016 07-49-01][FROM: Dice::roll] Dice was rolled with 4d6, results obtained are: [4, 3, 4, 4, 0]
[02-12-2016 07-49-01][FROM: Dice::roll] Dice was rolled with 4d6, results obtained are: [3, 4, 2, 6, 0]
[02-12-2016 07-49-01][FROM: Dice::roll] Dice was rolled with 4d6, results obtained are: [5, 6, 3, 5, 0]
[02-12-2016 07-49-01][FROM: Dice::roll] Dice was rolled with 4d6, results obtained are: [4, 4, 2, 6, 0]
[02-12-2016 07-49-01][FROM: Dice::roll] Dice was rolled with 1d10, results obtained are: [2, 0]
[02-12-2016 07-49-01][FROM: Dice::roll] Dice was rolled with 1d10, results obtained are: [10, 0]
[02-12-2016 07-49-01][FROM: Dice::roll] Dice was rolled with 1d10, results obtained are: [9, 0]
[02-12-2016 07-49-01][FROM: Dice::roll] Dice was rolled with 1d10, results obtained are: [7, 0]
[02-12-2016 07-49-01][FROM: Dice::roll] Dice was rolled with 1d10, results obtained are: [6, 0]
[02-12-2016 07-49-01][FROM: Dice::roll] Dice was rolled with 1d10, results obtained are: [1, 0]
[02-12-2016 07-49-01][FROM: Dice::roll] Dice was rolled with 1d10, results obtained are: [3, 0]
[02-12-2016 07-49-01][FROM: Dice::roll] Dice was rolled with 1d10, results obtained are: [9, 0]
[02-12-2016 07-49-01][FROM: Dice::roll] Dice was rolled with 1d10, results obtained are: [7, 0]
[02-12-2016 07-49-01][FROM: Dice::roll] Dice was rolled with 4d6, results obtained are: [5, 3, 5, 5, 0]
[02-12-2016 07-49-01][FROM: Dice::roll] Dice was rolled with 4d6, results obtained are: [3, 4, 3, 4, 0]
[02-12-2016 07-49-01][FROM: Dice::roll] Dice was rolled with 4d6, results obtained are: [5, 3, 1, 4, 0]
[02-12-2016 07-49-01][FROM: Dice::roll] Dice was rolled with 4d6, results obtained are: [4, 3, 4, 6, 0]
[02-12-2016 07-49-01][FROM: Dice::roll] Dice was rolled with 4d6, results obtained are: [1, 5, 1, 3, 0]
[02-12-2016 07-49-01][FROM: Dice::roll] Dice was rolled with 4d6, results obtained are: [5, 3, 6, 5, 0]
[02-12-2016 07-49-01][FROM: Dice::roll] Dice was rolled with 1d10, results obtained are: [5, 0]
[02-12-2016 07-49-01][FROM: Dice::roll] Dice was rolled with 1d10, results obtained are: [10, 0]
[02-12-2016 07-49-01][FROM: Dice::roll] Dice was rolled with 1d10, results obtained are: [7, 0]
[02-12-2016 07-49-01][FROM: Dice::roll] Dice was rolled with 1d10, results obtained are: [4, 0]
[02-12-2016 07-49-01][FROM: Dice::roll] Dice was rolled with 1d10, results obtained are: [8, 0]
[02-12-2016 07-49-01][FROM: Dice::roll] Dice was rolled with 1d10, results obtained are: [9, 0]
[02-12-2016 07-49-01][FROM: Dice::roll] Dice was rolled with 1d10, results obtained are: [9, 0]
[02-12-2016 07-49-01][FROM: Dice::roll] Dice was rolled with 1d10, results obtained are: [3, 0]
[02-12-2016 07-49-01][FROM: Dice::roll] Dice was rolled with 1d10, results obtained are: [10, 0]
[02-12-2016 07-49-01][FROM: Dice::roll] Dice was rolled with 1d10, results obtained are: [2, 0]
[02-12-2016 07-49-01][FROM: Dice::roll] Dice was rolled with 1d10, results obtained are: [4, 0]
[02-12-2016 07-49-04][FROM: Events::respondToSelectionBoxClick] Player has selected Item Creation.
[02-12-2016 07-50-38][FROM: Dice::roll] Dice was rolled with 4d6, results obtained are: [6, 6, 5, 5, 0]
[02-12-2016 07-50-38][FROM: Dice::roll] Dice was rolled with 4d6, results obtained are: [6, 5, 1, 1, 0]
[02-12-2016 07-50-38][FROM: Dice::roll] Dice was rolled with 4d6, results obtained are: [5, 3, 6, 6, 0]
[02-12-2016 07-50-38][FROM: Dice::roll] Dice was rolled with 4d6, results obtained are: [2, 4, 2, 6, 0]
[02-12-2016 07-50-38][FROM: Dice::roll] Dice was rolled with 4d6, results obtained are: [2, 3, 4, 1, 0]
[02-12-2016 07-50-38][FROM: Dice::roll] Dice was rolled with 4d6, results obtained are: [4, 1, 3, 4, 0]
[02-12-2016 07-50-38][FROM: Dice::roll] Dice was rolled with 1d10, results obtained are: [3, 0]
[02-12-2016 07-50-38][FROM: Dice::roll] Dice was rolled with 1d10, results obtained are: [3, 0]
[02-12-2016 07-50-38][FROM: Dice::roll] Dice was rolled with 1d10, results obtained are: [2, 0]
[02-12-2016 07-50-38][FROM: Dice::roll] Dice was rolled with 1d10, results obtained are: [7, 0]
[02-12-2016 07-50-38][FROM: Dice::roll] Dice was rolled with 1d10, results obtained are: [9, 0]
[02-12-2016 07-50-38][FROM: Dice::roll] Dice was rolled with 1d10, results obtained are: [6, 0]
[02-12-2016 07-50-38][FROM: Dice::roll] Dice was rolled with 1d10, results obtained are: [8, 0]
[02-12-2016 07-50-38][FROM: Dice::roll] Dice was rolled with 1d10, results obtained are: [7, 0]
[02-12-2016 07-50-38][FROM: Dice::roll] Dice was rolled with 1d10, results obtained are: [2, 0]
[02-12-2016 07-50-38][FROM: Dice::roll] Dice was rolled with 4d6, results obtained are: [1, 4, 5, 6, 0]
[02-12-2016 07-50-38][FROM: Dice::roll] Dice was rolled with 4d6, results obtained are: [2, 2, 1, 6, 0]
[02-12-2016 07-50-38][FROM: Dice::roll] Dice was rolled with 4d6, results obtained are: [4, 3, 4, 4, 0]
[02-12-2016 07-50-38][FROM: Dice::roll] Dice was rolled with 4d6, results obtained are: [3, 4, 2, 6, 0]
[02-12-2016 07-50-38][FROM: Dice::roll] Dice was rolled with 4d6, results obtained are: [5, 6, 3, 5, 0]
[02-12-2016 07-50-38][FROM: Dice::roll] Dice was rolled with 4d6, results obtained are: [4, 4, 2, 6, 0]
[02-12-2016 07-50-38][FROM: Dice::roll] Dice was rolled with 1d10, results obtained are: [2, 0]
[02-12-2016 07-50-38][FROM: Dice::roll] Dice was rolled with 1d10, results obtained are: [10, 0]
[02-12-2016 07-50-38][FROM: Dice::roll] Dice was rolled with 1d10, results obtained are: [9, 0]
[02-12-2016 07-50-38][FROM: Dice::roll] Dice was rolled with 1d10, results obtained are: [7, 0]
[02-12-2016 07-50-38][FROM: Dice::roll] Dice was rolled with 1d10, results obtained are: [6, 0]
[02-12-2016 07-50-38][FROM: Dice::roll] Dice was rolled with 1d10, results obtained are: [1, 0]
[02-12-2016 07-50-38][FROM: Dice::roll] Dice was rolled with 1d10, results obtained are: [3, 0]
[02-12-2016 07-50-38][FROM: Dice::roll] Dice was rolled with 1d10, results obtained are: [9, 0]
[02-12-2016 07-50-38][FROM: Dice::roll] Dice was rolled with 1d10, results obtained are: [7, 0]
[02-12-2016 07-50-38][FROM: Dice::roll] Dice was rolled with 4d6, results obtained are: [5, 3, 5, 5, 0]
[02-12-2016 07-50-38][FROM: Dice::roll] Dice was rolled with 4d6, results obtained are: [3, 4, 3, 4, 0]
[02-12-2016 07-50-38][FROM: Dice::roll] Dice was rolled with 4d6, results obtained are: [5, 3, 1, 4, 0]
[02-12-2016 07-50-38][FROM: Dice::roll] Dice was rolled with 4d6, results obtained are: [4, 3, 4, 6, 0]
[02-12-2016 07-50-38][FROM: Dice::roll] Dice was rolled with 4d6, results obtained are: [1, 5, 1, 3, 0]
[02-12-2016 07-50-38][FROM: Dice::roll] Dice was rolled with 4d6, results obtained are: [5, 3, 6, 5, 0]
[02-12-2016 07-50-38][FROM: Dice::roll] Dice was rolled with 1d10, results obtained are: [5, 0]
[02-12-2016 07-50-38][FROM: Dice::roll] Dice was rolled with 1d10, results obtained are: [10, 0]
[02-12-2016 07-50-38][FROM: Dice::roll] Dice was rolled with 1d10, results obtained are: [7, 0]
[02-12-2016 07-50-38][FROM: Dice::roll] Dice was rolled with 1d10, results obtained are: [4, 0]
[02-12-2016 07-50-38][FROM: Dice::roll] Dice was rolled with 1d10, results obtained are: [8, 0]
[02-12-2016 07-50-38][FROM: Dice::roll] Dice was rolled with 1d10, results obtained are: [9, 0]
[02-12-2016 07-50-38][FROM: Dice::roll] Dice was rolled with 1d10, results obtained are: [9, 0]
[02-12-2016 07-50-38][FROM: Dice::roll] Dice was rolled with 1d10, results obtained are: [3, 0]
[02-12-2016 07-50-38][FROM: Dice::roll] Dice was rolled with 1d10, results obtained are: [10, 0]
[02-12-2016 07-50-38][FROM: Dice::roll] Dice was rolled with 1d10, results obtained are: [2, 0]
[02-12-2016 07-50-38][FROM: Dice::roll] Dice was rolled with 1d10, results obtained are: [4, 0]
[02-12-2016 07-50-40][FROM: Events::respondToSelectionBoxClick] Player has selected Map Creation.
[02-12-2016 07-50-43][FROM: Events::respondToSelectionBoxClick] Player has selected Item Creation.
[02-12-2016 07-52-06][FROM: Dice::roll] Dice was rolled with 4d6, results obtained are: [6, 6, 5, 5, 0]
[02-12-2016 07-52-06][FROM: Dice::roll] Dice was rolled with 4d6, results obtained are: [6, 5, 1, 1, 0]
[02-12-2016 07-52-06][FROM: Dice::roll] Dice was rolled with 4d6, results obtained are: [5, 3, 6, 6, 0]
[02-12-2016 07-52-06][FROM: Dice::roll] Dice was rolled with 4d6, results obtained are: [2, 4, 2, 6, 0]
[02-12-2016 07-52-06][FROM: Dice::roll] Dice was rolled with 4d6, results obtained are: [2, 3, 4, 1, 0]
[02-12-2016 07-52-06][FROM: Dice::roll] Dice was rolled with 4d6, results obtained are: [4, 1, 3, 4, 0]
[02-12-2016 07-52-06][FROM: Dice::roll] Dice was rolled with 1d10, results obtained are: [3, 0]
[02-12-2016 07-52-06][FROM: Dice::roll] Dice was rolled with 1d10, results obtained are: [3, 0]
[02-12-2016 07-52-06][FROM: Dice::roll] Dice was rolled with 1d10, results obtained are: [2, 0]
[02-12-2016 07-52-06][FROM: Dice::roll] Dice was rolled with 1d10, results obtained are: [7, 0]
[02-12-2016 07-52-06][FROM: Dice::roll] Dice was rolled with 1d10, results obtained are: [9, 0]
[02-12-2016 07-52-06][FROM: Dice::roll] Dice was rolled with 1d10, results obtained are: [6, 0]
[02-12-2016 07-52-06][FROM: Dice::roll] Dice was rolled with 1d10, results obtained are: [8, 0]
[02-12-2016 07-52-06][FROM: Dice::roll] Dice was rolled with 1d10, results obtained are: [7, 0]
[02-12-2016 07-52-06][FROM: Dice::roll] Dice was rolled with 1d10, results obtained are: [2, 0]
[02-12-2016 07-52-06][FROM: Dice::roll] Dice was rolled with 4d6, results obtained are: [1, 4, 5, 6, 0]
[02-12-2016 07-52-06][FROM: Dice::roll] Dice was rolled with 4d6, results obtained are: [2, 2, 1, 6, 0]
[02-12-2016 07-52-06][FROM: Dice::roll] Dice was rolled with 4d6, results obtained are: [4, 3, 4, 4, 0]
[02-12-2016 07-52-06][FROM: Dice::roll] Dice was rolled with 4d6, results obtained are: [3, 4, 2, 6, 0]
[02-12-2016 07-52-06][FROM: Dice::roll] Dice was rolled with 4d6, results obtained are: [5, 6, 3, 5, 0]
[02-12-2016 07-52-06][FROM: Dice::roll] Dice was rolled with 4d6, results obtained are: [4, 4, 2, 6, 0]
[02-12-2016 07-52-06][FROM: Dice::roll] Dice was rolled with 1d10, results obtained are: [2, 0]
[02-12-2016 07-52-06][FROM: Dice::roll] Dice was rolled with 1d10, results obtained are: [10, 0]
[02-12-2016 07-52-06][FROM: Dice::roll] Dice was rolled with 1d10, results obtained are: [9, 0]
[02-12-2016 07-52-06][FROM: Dice::roll] Dice was rolled with 1d10, results obtained are: [7, 0]
[02-12-2016 07-52-06][FROM: Dice::roll] Dice was rolled with 1d10, results obtained are: [6, 0]
[02-12-2016 07-52-06][FROM: Dice::roll] Dice was rolled with 1d10, results obtained are: [1, 0]
[02-12-2016 07-52-06][FROM: Dice::roll] Dice was rolled with 1d10, results obtained are: [3, 0]
[02-12-2016 07-52-06][FROM: Dice::roll] Dice was rolled with 1d10, results obtained are: [9, 0]
[02-12-2016 07-52-06][FROM: Dice::roll] Dice was rolled with 1d10, results obtained are: [7, 0]
[02-12-2016 07-52-06][FROM: Dice::roll] Dice was rolled with 4d6, results obtained are: [5, 3, 5, 5, 0]
[02-12-2016 07-52-06][FROM: Dice::roll] Dice was rolled with 4d6, results obtained are: [3, 4, 3, 4, 0]
[02-12-2016 07-52-06][FROM: Dice::roll] Dice was rolled with 4d6, results obtained are: [5, 3, 1, 4, 0]
[02-12-2016 07-52-06][FROM: Dice::roll] Dice was rolled with 4d6, results obtained are: [4, 3, 4, 6, 0]
[02-12-2016 07-52-06][FROM: Dice::roll] Dice was rolled with 4d6, results obtained are: [1, 5, 1, 3, 0]
[02-12-2016 07-52-06][FROM: Dice::roll] Dice was rolled with 4d6, results obtained are: [5, 3, 6, 5, 0]
[02-12-2016 07-52-06][FROM: Dice::roll] Dice was rolled with 1d10, results obtained are: [5, 0]
[02-12-2016 07-52-06][FROM: Dice::roll] Dice was rolled with 1d10, results obtained are: [10, 0]
[02-12-2016 07-52-06][FROM: Dice::roll] Dice was rolled with 1d10, results obtained are: [7, 0]
[02-12-2016 07-52-06][FROM: Dice::roll] Dice was rolled with 1d10, results obtained are: [4, 0]
[02-12-2016 07-52-06][FROM: Dice::roll] Dice was rolled with 1d10, results obtained are: [8, 0]
[02-12-2016 07-52-06][FROM: Dice::roll] Dice was rolled with 1d10, results obtained are: [9, 0]
[02-12-2016 07-52-06][FROM: Dice::roll] Dice was rolled with 1d10, results obtained are: [9, 0]
[02-12-2016 07-52-06][FROM: Dice::roll] Dice was rolled with 1d10, results obtained are: [3, 0]
[02-12-2016 07-52-06][FROM: Dice::roll] Dice was rolled with 1d10, results obtained are: [10, 0]
[02-12-2016 07-52-06][FROM: Dice::roll] Dice was rolled with 1d10, results obtained are: [2, 0]
[02-12-2016 07-52-06][FROM: Dice::roll] Dice was rolled with 1d10, results obtained are: [4, 0]
[02-12-2016 07-52-17][FROM: Events::respondToSelectionBoxClick] Player has selected Item Creation.
[02-12-2016 08-12-40][FROM: Dice::roll] Dice was rolled with 4d6, results obtained are: [6, 6, 5, 5, 0]
[02-12-2016 08-12-40][FROM: Dice::roll] Dice was rolled with 4d6, results obtained are: [6, 5, 1, 1, 0]
[02-12-2016 08-12-40][FROM: Dice::roll] Dice was rolled with 4d6, results obtained are: [5, 3, 6, 6, 0]
[02-12-2016 08-12-40][FROM: Dice::roll] Dice was rolled with 4d6, results obtained are: [2, 4, 2, 6, 0]
[02-12-2016 08-12-40][FROM: Dice::roll] Dice was rolled with 4d6, results obtained are: [2, 3, 4, 1, 0]
[02-12-2016 08-12-40][FROM: Dice::roll] Dice was rolled with 4d6, results obtained are: [4, 1, 3, 4, 0]
[02-12-2016 08-12-40][FROM: Dice::roll] Dice was rolled with 1d10, results obtained are: [3, 0]
[02-12-2016 08-12-40][FROM: Dice::roll] Dice was rolled with 1d10, results obtained are: [3, 0]
[02-12-2016 08-12-40][FROM: Dice::roll] Dice was rolled with 1d10, results obtained are: [2, 0]
[02-12-2016 08-12-40][FROM: Dice::roll] Dice was rolled with 1d10, results obtained are: [7, 0]
[02-12-2016 08-12-40][FROM: Dice::roll] Dice was rolled with 1d10, results obtained are: [9, 0]
[02-12-2016 08-12-40][FROM: Dice::roll] Dice was rolled with 1d10, results obtained are: [6, 0]
[02-12-2016 08-12-40][FROM: Dice::roll] Dice was rolled with 1d10, results obtained are: [8, 0]
[02-12-2016 08-12-40][FROM: Dice::roll] Dice was rolled with 1d10, results obtained are: [7, 0]
[02-12-2016 08-12-40][FROM: Dice::roll] Dice was rolled with 1d10, results obtained are: [2, 0]
[02-12-2016 08-12-40][FROM: Dice::roll] Dice was rolled with 4d6, results obtained are: [1, 4, 5, 6, 0]
[02-12-2016 08-12-40][FROM: Dice::roll] Dice was rolled with 4d6, results obtained are: [2, 2, 1, 6, 0]
[02-12-2016 08-12-40][FROM: Dice::roll] Dice was rolled with 4d6, results obtained are: [4, 3, 4, 4, 0]
[02-12-2016 08-12-40][FROM: Dice::roll] Dice was rolled with 4d6, results obtained are: [3, 4, 2, 6, 0]
[02-12-2016 08-12-40][FROM: Dice::roll] Dice was rolled with 4d6, results obtained are: [5, 6, 3, 5, 0]
[02-12-2016 08-12-40][FROM: Dice::roll] Dice was rolled with 4d6, results obtained are: [4, 4, 2, 6, 0]
[02-12-2016 08-12-40][FROM: Dice::roll] Dice was rolled with 1d10, results obtained are: [2, 0]
[02-12-2016 08-12-40][FROM: Dice::roll] Dice was rolled with 1d10, results obtained are: [10, 0]
[02-12-2016 08-12-40][FROM: Dice::roll] Dice was rolled with 1d10, results obtained are: [9, 0]
[02-12-2016 08-12-40][FROM: Dice::roll] Dice was rolled with 1d10, results obtained are: [7, 0]
[02-12-2016 08-12-40][FROM: Dice::roll] Dice was rolled with 1d10, results obtained are: [6, 0]
[02-12-2016 08-12-40][FROM: Dice::roll] Dice was rolled with 1d10, results obtained are: [1, 0]
[02-12-2016 08-12-40][FROM: Dice::roll] Dice was rolled with 1d10, results obtained are: [3, 0]
[02-12-2016 08-12-40][FROM: Dice::roll] Dice was rolled with 1d10, results obtained are: [9, 0]
[02-12-2016 08-12-40][FROM: Dice::roll] Dice was rolled with 1d10, results obtained are: [7, 0]
[02-12-2016 08-12-40][FROM: Dice::roll] Dice was rolled with 4d6, results obtained are: [5, 3, 5, 5, 0]
[02-12-2016 08-12-40][FROM: Dice::roll] Dice was rolled with 4d6, results obtained are: [3, 4, 3, 4, 0]
[02-12-2016 08-12-40][FROM: Dice::roll] Dice was rolled with 4d6, results obtained are: [5, 3, 1, 4, 0]
[02-12-2016 08-12-40][FROM: Dice::roll] Dice was rolled with 4d6, results obtained are: [4, 3, 4, 6, 0]
[02-12-2016 08-12-40][FROM: Dice::roll] Dice was rolled with 4d6, results obtained are: [1, 5, 1, 3, 0]
[02-12-2016 08-12-40][FROM: Dice::roll] Dice was rolled with 4d6, results obtained are: [5, 3, 6, 5, 0]
[02-12-2016 08-12-40][FROM: Dice::roll] Dice was rolled with 1d10, results obtained are: [5, 0]
[02-12-2016 08-12-40][FROM: Dice::roll] Dice was rolled with 1d10, results obtained are: [10, 0]
[02-12-2016 08-12-40][FROM: Dice::roll] Dice was rolled with 1d10, results obtained are: [7, 0]
[02-12-2016 08-12-40][FROM: Dice::roll] Dice was rolled with 1d10, results obtained are: [4, 0]
[02-12-2016 08-12-40][FROM: Dice::roll] Dice was rolled with 1d10, results obtained are: [8, 0]
[02-12-2016 08-12-40][FROM: Dice::roll] Dice was rolled with 1d10, results obtained are: [9, 0]
[02-12-2016 08-12-40][FROM: Dice::roll] Dice was rolled with 1d10, results obtained are: [9, 0]
[02-12-2016 08-12-40][FROM: Dice::roll] Dice was rolled with 1d10, results obtained are: [3, 0]
[02-12-2016 08-12-40][FROM: Dice::roll] Dice was rolled with 1d10, results obtained are: [10, 0]
[02-12-2016 08-12-40][FROM: Dice::roll] Dice was rolled with 1d10, results obtained are: [2, 0]
[02-12-2016 08-12-40][FROM: Dice::roll] Dice was rolled with 1d10, results obtained are: [4, 0]
